SIMAN Run Controller.

0.060273146 Hours>
                                      ARENA Simulation Results
                               mcmcmax437@gmail.com - License: STUDENT

                                  Summary for Replication 1 of 1

Project: Unnamed Project                                             Run execution date :12/18/2023
Analyst: denyyeess@gmail.com                                         Model revision date:12/18/2023

Replication ended at time      : 0.060273146 Hours 
Base Time Units: Hours

                                           TALLY VARIABLES

Identifier                                  Average   Half Width  Minimum    Maximum   Observations
___________________________________________________________________________________________________

Entity 1.VATime                             .01146     (Insuf)    .00234     .03199          5    
Entity 1.NVATime                            .00000     (Insuf)    .00000     .00000          5    
Entity 1.WaitTime                           .00000     (Insuf)    .00000     .00000          5    
Entity 1.TranTime                           .01333     (Insuf)    .00000     .05000          5    
Entity 1.OtherTime                          .00000     (Insuf)    .00000     .00000          5    
Entity 1.TotalTime                          .02479     (Insuf)    .00234     .05235          5    
M1.Queue.WaitingTime                        .00000     (Insuf)    .00000     .00000          3    
M3.Queue.WaitingTime                        .00000     (Insuf)    .00000     .00000          1    
M2.Queue.WaitingTime                        .00000     (Insuf)    .00000     .00000          1    
M5.Queue.WaitingTime                            --         --         --         --          0
M4.Queue.WaitingTime                        .00000     (Insuf)    .00000     .00000          2    

                                     DISCRETE-CHANGE VARIABLES

Identifier                                  Average   Half Width  Minimum    Maximum   Final Value
___________________________________________________________________________________________________

Entity 1.WIP                                14.749     (Insuf)    .00000     18.000     15.000    
Resource 5.NumberBusy                       .00000     (Insuf)    .00000     .00000     .00000    
Resource 5.NumberScheduled                  1.0000     (Insuf)    1.0000     1.0000     1.0000    
Resource 5.Utilization                      .00000     (Insuf)    .00000     .00000     .00000    
Resource 4.NumberBusy                       .11374     (Insuf)    .00000     1.0000     1.0000    
Resource 4.NumberScheduled                  1.0000     (Insuf)    1.0000     1.0000     1.0000    
Resource 4.Utilization                      .11374     (Insuf)    .00000     1.0000     1.0000    
Resource 3.NumberBusy                       .44696     (Insuf)    .00000     1.0000     1.0000    
Resource 3.NumberScheduled                  1.0000     (Insuf)    1.0000     1.0000     1.0000    
Resource 3.Utilization                      .44696     (Insuf)    .00000     1.0000     1.0000    
Resource 2.NumberBusy                       .53079     (Insuf)    .00000     1.0000     .00000    
Resource 2.NumberScheduled                  1.0000     (Insuf)    1.0000     1.0000     1.0000    
Resource 2.Utilization                      .53079     (Insuf)    .00000     1.0000     .00000    
Resource 1.NumberBusy                       .38095     (Insuf)    .00000     1.0000     .00000    
Resource 1.NumberScheduled                  1.0000     (Insuf)    1.0000     1.0000     1.0000    
Resource 1.Utilization                      .38095     (Insuf)    .00000     1.0000     .00000    
M1.Queue.NumberInQueue                      .00000     (Insuf)    .00000     .00000     .00000    
M3.Queue.NumberInQueue                      .00000     (Insuf)    .00000     .00000     .00000    
M2.Queue.NumberInQueue                      .00000     (Insuf)    .00000     .00000     .00000    
M5.Queue.NumberInQueue                      .00000     (Insuf)    .00000     .00000     .00000    
M4.Queue.NumberInQueue                      .00000     (Insuf)    .00000     .00000     .00000    

                                             OUTPUTS

Identifier                                   Value
_____________________________________________________________

Entity 1.NumberIn                           20.000    
Entity 1.NumberOut                          5.0000    
Resource 5.NumberSeized                     .00000    
Resource 5.ScheduledUtilization             .00000    
Resource 4.NumberSeized                     2.0000    
Resource 4.ScheduledUtilization             .11374    
Resource 3.NumberSeized                     1.0000    
Resource 3.ScheduledUtilization             .44696    
Resource 2.NumberSeized                     1.0000    
Resource 2.ScheduledUtilization             .53079    
Resource 1.NumberSeized                     3.0000    
Resource 1.ScheduledUtilization             .38095    
System.NumberOut                            5.0000    


Simulation run time: 0.42 minutes.
Simulation run complete.
